2022-09-01T04:39:43.538Z [my-bank-api] info: API Started!
2022-09-01T04:46:06.756Z [my-bank-api] info: API Started!
2022-09-03T03:24:12.711Z [my-bank-api] info: API Started!
2022-09-03T03:31:02.113Z [my-bank-api] info: GET /account
2022-09-03T03:31:47.705Z [my-bank-api] info: GET /account
2022-09-03T03:31:57.320Z [my-bank-api] info: GET /account
2022-09-03T04:46:32.545Z [my-bank-api] info: API Started!
2022-09-03T04:48:59.424Z [my-bank-api] info: API Started!
2022-09-03T05:03:09.783Z [my-bank-api] info: API Started!
2022-09-03T05:04:15.376Z [my-bank-api] info: GET /account
2022-09-03T05:04:20.979Z [my-bank-api] info: GET /account
2022-09-03T05:06:41.393Z [my-bank-api] info: API Started!
2022-09-03T05:07:31.488Z [my-bank-api] error: POST /account - Id, Name e Balance s찾o obrigat처rios.
2022-09-03T05:08:28.237Z [my-bank-api] info: API Started!
2022-09-03T05:08:28.636Z [my-bank-api] error: POST /account - acconunt is not defined
2022-09-03T05:08:50.789Z [my-bank-api] info: GET /account
2022-09-03T05:09:18.315Z [my-bank-api] info: API Started!
2022-09-03T05:09:23.006Z [my-bank-api] error: POST /account - Id, Name e Balance s찾o obrigat처rios.
2022-09-03T05:09:40.153Z [my-bank-api] error: POST /account - acconunt is not defined
2022-09-03T05:09:45.189Z [my-bank-api] info: GET /account
2022-09-03T05:10:38.365Z [my-bank-api] info: GET /account
2022-09-03T05:19:55.989Z [my-bank-api] info: GET /account
2022-09-03T05:19:57.842Z [my-bank-api] info: GET /account
2022-09-03T05:20:45.106Z [my-bank-api] info: GET /account
2022-09-03T05:23:44.667Z [my-bank-api] info: API Started!
2022-09-03T06:12:51.540Z [my-bank-api] info: API Started!
2022-09-03T06:13:12.254Z [my-bank-api] info: GET /account
2022-09-03T06:14:36.129Z [my-bank-api] info: POST /account - {"id":6,"name":"Welber Fernandez","balance":348.39}
